{"level":"info","message":"user pacs@gmail.com accessed GET:/api/vacations/1/9"}
{"level":"info","message":"user Anonymous accessed GET:/images/e03e6f38-88dc-4039-821d-279e6ef54979.jpg"}
{"level":"info","message":"user Anonymous accessed GET:/images/2d5d9246-94a9-439a-b7f3-5d0a3bc3af24.jpg"}
{"level":"info","message":"user Anonymous accessed GET:/images/b7b95211-76c3-49d5-a338-6e42b99674d3.jpg"}
{"level":"info","message":"user pacs@gmail.com accessed GET:/api/followers/vacations/203ce9b0-2bf1-11ef-913d-31d7a7bdbd7a"}
{"level":"info","message":"user pacs@gmail.com accessed GET:/api/followers/vacations/ce9650cb-2be9-11ef-913d-31d7a7bdbd7a"}
{"level":"info","message":"user pacs@gmail.com accessed GET:/api/followers/vacations/7ab028a8-2bf6-11ef-913d-31d7a7bdbd7a"}
{"level":"info","message":"user pacs@gmail.com accessed GET:/api/followers/vacations/67d0e354-2bf4-11ef-913d-31d7a7bdbd7a"}
{"level":"info","message":"user pacs@gmail.com accessed GET:/api/followers/vacations/9adf0a92-2bea-11ef-913d-31d7a7bdbd7a"}
{"level":"info","message":"user pacs@gmail.com accessed GET:/api/followers/vacations/aece892a-2be5-11ef-913d-31d7a7bdbd7a"}
{"level":"info","message":"user Anonymous accessed GET:/images/0071a0f0-e7a4-4d1b-83a8-5367df014c4c.jpg"}
{"level":"info","message":"user Anonymous accessed GET:/images/8759f66d-0a39-41d8-95fb-21a3d664e95e.jpg"}
{"level":"info","message":"user Anonymous accessed GET:/images/d17e0bc7-d649-41e3-bb5c-2aea78d3182d.jpg"}
{"level":"info","message":"user pacs@gmail.com accessed GET:/api/followers/vacations/e39d9216-2bec-11ef-913d-31d7a7bdbd7a"}
{"level":"info","message":"user pacs@gmail.com accessed GET:/api/followers/vacations/9be0c398-2bf5-11ef-913d-31d7a7bdbd7a"}
{"level":"info","message":"user pacs@gmail.com accessed GET:/api/followers/vacations/28201e79-2be8-11ef-913d-31d7a7bdbd7a"}
{"level":"info","message":"user pacs@gmail.com accessed GET:/api/followers/vacations/users/isFollowing/662484b9-3230-11ef-8c6b-90e4c633aabc/203ce9b0-2bf1-11ef-913d-31d7a7bdbd7a"}
{"level":"info","message":"user pacs@gmail.com accessed GET:/api/followers/vacations/users/isFollowing/662484b9-3230-11ef-8c6b-90e4c633aabc/7ab028a8-2bf6-11ef-913d-31d7a7bdbd7a"}
{"level":"info","message":"user pacs@gmail.com accessed GET:/api/followers/vacations/users/isFollowing/662484b9-3230-11ef-8c6b-90e4c633aabc/67d0e354-2bf4-11ef-913d-31d7a7bdbd7a"}
{"level":"info","message":"user pacs@gmail.com accessed GET:/api/followers/vacations/users/isFollowing/662484b9-3230-11ef-8c6b-90e4c633aabc/aece892a-2be5-11ef-913d-31d7a7bdbd7a"}
{"level":"info","message":"user pacs@gmail.com accessed GET:/api/followers/vacations/users/isFollowing/662484b9-3230-11ef-8c6b-90e4c633aabc/e39d9216-2bec-11ef-913d-31d7a7bdbd7a"}
{"level":"info","message":"user pacs@gmail.com accessed GET:/api/followers/vacations/users/isFollowing/662484b9-3230-11ef-8c6b-90e4c633aabc/9be0c398-2bf5-11ef-913d-31d7a7bdbd7a"}
{"level":"info","message":"user pacs@gmail.com accessed GET:/api/followers/vacations/users/isFollowing/662484b9-3230-11ef-8c6b-90e4c633aabc/9adf0a92-2bea-11ef-913d-31d7a7bdbd7a"}
{"level":"info","message":"user pacs@gmail.com accessed GET:/api/followers/vacations/users/isFollowing/662484b9-3230-11ef-8c6b-90e4c633aabc/ce9650cb-2be9-11ef-913d-31d7a7bdbd7a"}
{"level":"info","message":"user pacs@gmail.com accessed GET:/api/followers/vacations/users/isFollowing/662484b9-3230-11ef-8c6b-90e4c633aabc/28201e79-2be8-11ef-913d-31d7a7bdbd7a"}
{"level":"info","message":"user pacs@gmail.com accessed GET:/api/followers/vacations/203ce9b0-2bf1-11ef-913d-31d7a7bdbd7a"}
{"level":"info","message":"user Anonymous accessed GET:/images/45455736-6b27-49ac-a10a-7ed1978fa1c0.jpg"}
{"level":"info","message":"user Anonymous accessed GET:/images/cf69c611-2eb1-4d5f-9fe6-4e1aaed14c84.jpeg"}
{"level":"info","message":"user pacs@gmail.com accessed GET:/api/followers/vacations/7ab028a8-2bf6-11ef-913d-31d7a7bdbd7a"}
{"level":"info","message":"user pacs@gmail.com accessed GET:/api/followers/vacations/67d0e354-2bf4-11ef-913d-31d7a7bdbd7a"}
{"level":"info","message":"user pacs@gmail.com accessed GET:/api/followers/vacations/aece892a-2be5-11ef-913d-31d7a7bdbd7a"}
{"level":"info","message":"user pacs@gmail.com accessed GET:/api/followers/vacations/e39d9216-2bec-11ef-913d-31d7a7bdbd7a"}
{"level":"info","message":"user pacs@gmail.com accessed GET:/api/followers/vacations/9be0c398-2bf5-11ef-913d-31d7a7bdbd7a"}
{"level":"info","message":"user pacs@gmail.com accessed GET:/api/followers/vacations/9adf0a92-2bea-11ef-913d-31d7a7bdbd7a"}
{"level":"info","message":"user Anonymous accessed GET:/images/deda8f5b-5555-4e09-9329-73aee4ae8b40.jpg"}
{"level":"info","message":"user pacs@gmail.com accessed GET:/api/followers/vacations/ce9650cb-2be9-11ef-913d-31d7a7bdbd7a"}
{"level":"info","message":"user pacs@gmail.com accessed GET:/api/followers/vacations/28201e79-2be8-11ef-913d-31d7a7bdbd7a"}
{"level":"info","message":"user pacs@gmail.com accessed GET:/api/vacations/1/9"}
{"level":"info","message":"user pacs@gmail.com accessed GET:/api/vacations/1/9"}
{"level":"info","message":"user pacs@gmail.com accessed GET:/api/vacations/1/9"}
{"level":"info","message":"user pacs@gmail.com accessed GET:/api/vacations/1/9"}
{"level":"info","message":"user pacs@gmail.com accessed GET:/api/vacations/1/9"}
{"level":"info","message":"user pacs@gmail.com accessed GET:/api/vacations/1/9"}
{"level":"info","message":"user pacs@gmail.com accessed GET:/api/vacations/1/9"}
{"level":"info","message":"user pacs@gmail.com accessed GET:/api/vacations/1/9"}
{"level":"info","message":"user pacs@gmail.com accessed GET:/api/followers/vacations/users/isFollowing/662484b9-3230-11ef-8c6b-90e4c633aabc/203ce9b0-2bf1-11ef-913d-31d7a7bdbd7a"}
{"level":"info","message":"user pacs@gmail.com accessed GET:/api/followers/vacations/203ce9b0-2bf1-11ef-913d-31d7a7bdbd7a"}
{"level":"info","message":"user pacs@gmail.com accessed GET:/api/followers/vacations/7ab028a8-2bf6-11ef-913d-31d7a7bdbd7a"}
{"level":"info","message":"user pacs@gmail.com accessed GET:/api/followers/vacations/users/isFollowing/662484b9-3230-11ef-8c6b-90e4c633aabc/7ab028a8-2bf6-11ef-913d-31d7a7bdbd7a"}
{"level":"info","message":"user pacs@gmail.com accessed GET:/api/followers/vacations/aece892a-2be5-11ef-913d-31d7a7bdbd7a"}
{"level":"info","message":"user pacs@gmail.com accessed GET:/api/followers/vacations/users/isFollowing/662484b9-3230-11ef-8c6b-90e4c633aabc/aece892a-2be5-11ef-913d-31d7a7bdbd7a"}
{"level":"info","message":"user pacs@gmail.com accessed GET:/api/followers/vacations/e39d9216-2bec-11ef-913d-31d7a7bdbd7a"}
{"level":"info","message":"user pacs@gmail.com accessed GET:/api/followers/vacations/67d0e354-2bf4-11ef-913d-31d7a7bdbd7a"}
{"level":"info","message":"user pacs@gmail.com accessed GET:/api/followers/vacations/users/isFollowing/662484b9-3230-11ef-8c6b-90e4c633aabc/67d0e354-2bf4-11ef-913d-31d7a7bdbd7a"}
{"level":"info","message":"user pacs@gmail.com accessed GET:/api/followers/vacations/users/isFollowing/662484b9-3230-11ef-8c6b-90e4c633aabc/e39d9216-2bec-11ef-913d-31d7a7bdbd7a"}
{"level":"info","message":"user pacs@gmail.com accessed GET:/api/followers/vacations/9be0c398-2bf5-11ef-913d-31d7a7bdbd7a"}
{"level":"info","message":"user pacs@gmail.com accessed GET:/api/followers/vacations/users/isFollowing/662484b9-3230-11ef-8c6b-90e4c633aabc/9be0c398-2bf5-11ef-913d-31d7a7bdbd7a"}
{"level":"info","message":"user pacs@gmail.com accessed GET:/api/followers/vacations/9adf0a92-2bea-11ef-913d-31d7a7bdbd7a"}
{"level":"info","message":"user pacs@gmail.com accessed GET:/api/followers/vacations/users/isFollowing/662484b9-3230-11ef-8c6b-90e4c633aabc/9adf0a92-2bea-11ef-913d-31d7a7bdbd7a"}
{"level":"info","message":"user pacs@gmail.com accessed GET:/api/followers/vacations/ce9650cb-2be9-11ef-913d-31d7a7bdbd7a"}
{"level":"info","message":"user pacs@gmail.com accessed GET:/api/followers/vacations/users/isFollowing/662484b9-3230-11ef-8c6b-90e4c633aabc/ce9650cb-2be9-11ef-913d-31d7a7bdbd7a"}
{"level":"info","message":"user pacs@gmail.com accessed GET:/api/followers/vacations/28201e79-2be8-11ef-913d-31d7a7bdbd7a"}
{"level":"info","message":"user pacs@gmail.com accessed GET:/api/followers/vacations/users/isFollowing/662484b9-3230-11ef-8c6b-90e4c633aabc/28201e79-2be8-11ef-913d-31d7a7bdbd7a"}
{"level":"info","message":"user pacs@gmail.com accessed GET:/api/followers/vacations/203ce9b0-2bf1-11ef-913d-31d7a7bdbd7a"}
{"level":"info","message":"user pacs@gmail.com accessed GET:/api/followers/vacations/users/isFollowing/662484b9-3230-11ef-8c6b-90e4c633aabc/203ce9b0-2bf1-11ef-913d-31d7a7bdbd7a"}
{"level":"info","message":"user pacs@gmail.com accessed GET:/api/followers/vacations/7ab028a8-2bf6-11ef-913d-31d7a7bdbd7a"}
{"level":"info","message":"user pacs@gmail.com accessed GET:/api/followers/vacations/67d0e354-2bf4-11ef-913d-31d7a7bdbd7a"}
{"level":"info","message":"user pacs@gmail.com accessed GET:/api/followers/vacations/users/isFollowing/662484b9-3230-11ef-8c6b-90e4c633aabc/67d0e354-2bf4-11ef-913d-31d7a7bdbd7a"}
{"level":"info","message":"user pacs@gmail.com accessed GET:/api/followers/vacations/users/isFollowing/662484b9-3230-11ef-8c6b-90e4c633aabc/e39d9216-2bec-11ef-913d-31d7a7bdbd7a"}
{"level":"info","message":"user pacs@gmail.com accessed GET:/api/followers/vacations/9be0c398-2bf5-11ef-913d-31d7a7bdbd7a"}
{"level":"info","message":"user pacs@gmail.com accessed GET:/api/followers/vacations/users/isFollowing/662484b9-3230-11ef-8c6b-90e4c633aabc/9be0c398-2bf5-11ef-913d-31d7a7bdbd7a"}
{"level":"info","message":"user pacs@gmail.com accessed GET:/api/followers/vacations/9adf0a92-2bea-11ef-913d-31d7a7bdbd7a"}
{"level":"info","message":"user pacs@gmail.com accessed GET:/api/followers/vacations/users/isFollowing/662484b9-3230-11ef-8c6b-90e4c633aabc/9adf0a92-2bea-11ef-913d-31d7a7bdbd7a"}
{"level":"info","message":"user pacs@gmail.com accessed GET:/api/followers/vacations/ce9650cb-2be9-11ef-913d-31d7a7bdbd7a"}
{"level":"info","message":"user pacs@gmail.com accessed GET:/api/followers/vacations/users/isFollowing/662484b9-3230-11ef-8c6b-90e4c633aabc/ce9650cb-2be9-11ef-913d-31d7a7bdbd7a"}
{"level":"info","message":"user pacs@gmail.com accessed GET:/api/followers/vacations/28201e79-2be8-11ef-913d-31d7a7bdbd7a"}
{"level":"info","message":"user pacs@gmail.com accessed GET:/api/followers/vacations/users/isFollowing/662484b9-3230-11ef-8c6b-90e4c633aabc/28201e79-2be8-11ef-913d-31d7a7bdbd7a"}
{"level":"info","message":"user pacs@gmail.com accessed GET:/api/followers/vacations/users/isFollowing/662484b9-3230-11ef-8c6b-90e4c633aabc/7ab028a8-2bf6-11ef-913d-31d7a7bdbd7a"}
{"level":"info","message":"user pacs@gmail.com accessed GET:/api/followers/vacations/aece892a-2be5-11ef-913d-31d7a7bdbd7a"}
{"level":"info","message":"user pacs@gmail.com accessed GET:/api/followers/vacations/users/isFollowing/662484b9-3230-11ef-8c6b-90e4c633aabc/aece892a-2be5-11ef-913d-31d7a7bdbd7a"}
{"level":"info","message":"user pacs@gmail.com accessed GET:/api/followers/vacations/e39d9216-2bec-11ef-913d-31d7a7bdbd7a"}
{"level":"info","message":"user pacs@gmail.com accessed GET:/api/followers/vacations/203ce9b0-2bf1-11ef-913d-31d7a7bdbd7a"}
{"level":"info","message":"user pacs@gmail.com accessed GET:/api/followers/vacations/users/isFollowing/662484b9-3230-11ef-8c6b-90e4c633aabc/203ce9b0-2bf1-11ef-913d-31d7a7bdbd7a"}
{"level":"info","message":"user pacs@gmail.com accessed GET:/api/followers/vacations/7ab028a8-2bf6-11ef-913d-31d7a7bdbd7a"}
{"level":"info","message":"user pacs@gmail.com accessed GET:/api/followers/vacations/users/isFollowing/662484b9-3230-11ef-8c6b-90e4c633aabc/7ab028a8-2bf6-11ef-913d-31d7a7bdbd7a"}
{"level":"info","message":"user pacs@gmail.com accessed GET:/api/followers/vacations/67d0e354-2bf4-11ef-913d-31d7a7bdbd7a"}
{"level":"info","message":"user pacs@gmail.com accessed GET:/api/followers/vacations/aece892a-2be5-11ef-913d-31d7a7bdbd7a"}
{"level":"info","message":"user pacs@gmail.com accessed GET:/api/followers/vacations/users/isFollowing/662484b9-3230-11ef-8c6b-90e4c633aabc/67d0e354-2bf4-11ef-913d-31d7a7bdbd7a"}
{"level":"info","message":"user pacs@gmail.com accessed GET:/api/followers/vacations/users/isFollowing/662484b9-3230-11ef-8c6b-90e4c633aabc/aece892a-2be5-11ef-913d-31d7a7bdbd7a"}
{"level":"info","message":"user pacs@gmail.com accessed GET:/api/followers/vacations/e39d9216-2bec-11ef-913d-31d7a7bdbd7a"}
{"level":"info","message":"user pacs@gmail.com accessed GET:/api/followers/vacations/users/isFollowing/662484b9-3230-11ef-8c6b-90e4c633aabc/e39d9216-2bec-11ef-913d-31d7a7bdbd7a"}
{"level":"info","message":"user pacs@gmail.com accessed GET:/api/followers/vacations/9be0c398-2bf5-11ef-913d-31d7a7bdbd7a"}
{"level":"info","message":"user pacs@gmail.com accessed GET:/api/followers/vacations/users/isFollowing/662484b9-3230-11ef-8c6b-90e4c633aabc/9be0c398-2bf5-11ef-913d-31d7a7bdbd7a"}
{"level":"info","message":"user pacs@gmail.com accessed GET:/api/followers/vacations/9adf0a92-2bea-11ef-913d-31d7a7bdbd7a"}
{"level":"info","message":"user pacs@gmail.com accessed GET:/api/followers/vacations/users/isFollowing/662484b9-3230-11ef-8c6b-90e4c633aabc/9adf0a92-2bea-11ef-913d-31d7a7bdbd7a"}
{"level":"info","message":"user pacs@gmail.com accessed GET:/api/followers/vacations/ce9650cb-2be9-11ef-913d-31d7a7bdbd7a"}
{"level":"info","message":"user pacs@gmail.com accessed GET:/api/followers/vacations/users/isFollowing/662484b9-3230-11ef-8c6b-90e4c633aabc/ce9650cb-2be9-11ef-913d-31d7a7bdbd7a"}
{"level":"info","message":"user pacs@gmail.com accessed GET:/api/followers/vacations/28201e79-2be8-11ef-913d-31d7a7bdbd7a"}
{"level":"info","message":"user pacs@gmail.com accessed GET:/api/followers/vacations/users/isFollowing/662484b9-3230-11ef-8c6b-90e4c633aabc/28201e79-2be8-11ef-913d-31d7a7bdbd7a"}
{"level":"info","message":"user pacs@gmail.com accessed GET:/api/followers/vacations/203ce9b0-2bf1-11ef-913d-31d7a7bdbd7a"}
{"level":"info","message":"user pacs@gmail.com accessed GET:/api/followers/vacations/users/isFollowing/662484b9-3230-11ef-8c6b-90e4c633aabc/203ce9b0-2bf1-11ef-913d-31d7a7bdbd7a"}
{"level":"info","message":"user pacs@gmail.com accessed GET:/api/followers/vacations/users/isFollowing/662484b9-3230-11ef-8c6b-90e4c633aabc/7ab028a8-2bf6-11ef-913d-31d7a7bdbd7a"}
{"level":"info","message":"user pacs@gmail.com accessed GET:/api/followers/vacations/7ab028a8-2bf6-11ef-913d-31d7a7bdbd7a"}
{"level":"info","message":"user pacs@gmail.com accessed GET:/api/followers/vacations/67d0e354-2bf4-11ef-913d-31d7a7bdbd7a"}
{"level":"info","message":"user pacs@gmail.com accessed GET:/api/followers/vacations/users/isFollowing/662484b9-3230-11ef-8c6b-90e4c633aabc/67d0e354-2bf4-11ef-913d-31d7a7bdbd7a"}
{"level":"info","message":"user pacs@gmail.com accessed GET:/api/followers/vacations/aece892a-2be5-11ef-913d-31d7a7bdbd7a"}
{"level":"info","message":"user pacs@gmail.com accessed GET:/api/followers/vacations/e39d9216-2bec-11ef-913d-31d7a7bdbd7a"}
{"level":"info","message":"user pacs@gmail.com accessed GET:/api/followers/vacations/users/isFollowing/662484b9-3230-11ef-8c6b-90e4c633aabc/aece892a-2be5-11ef-913d-31d7a7bdbd7a"}
{"level":"info","message":"user pacs@gmail.com accessed GET:/api/followers/vacations/users/isFollowing/662484b9-3230-11ef-8c6b-90e4c633aabc/e39d9216-2bec-11ef-913d-31d7a7bdbd7a"}
{"level":"info","message":"user pacs@gmail.com accessed GET:/api/followers/vacations/9be0c398-2bf5-11ef-913d-31d7a7bdbd7a"}
{"level":"info","message":"user pacs@gmail.com accessed GET:/api/followers/vacations/users/isFollowing/662484b9-3230-11ef-8c6b-90e4c633aabc/9be0c398-2bf5-11ef-913d-31d7a7bdbd7a"}
{"level":"info","message":"user pacs@gmail.com accessed GET:/api/followers/vacations/users/isFollowing/662484b9-3230-11ef-8c6b-90e4c633aabc/9adf0a92-2bea-11ef-913d-31d7a7bdbd7a"}
{"level":"info","message":"user pacs@gmail.com accessed GET:/api/followers/vacations/9adf0a92-2bea-11ef-913d-31d7a7bdbd7a"}
{"level":"info","message":"user pacs@gmail.com accessed GET:/api/followers/vacations/ce9650cb-2be9-11ef-913d-31d7a7bdbd7a"}
{"level":"info","message":"user pacs@gmail.com accessed GET:/api/followers/vacations/users/isFollowing/662484b9-3230-11ef-8c6b-90e4c633aabc/ce9650cb-2be9-11ef-913d-31d7a7bdbd7a"}
{"level":"info","message":"user pacs@gmail.com accessed GET:/api/followers/vacations/28201e79-2be8-11ef-913d-31d7a7bdbd7a"}
{"level":"info","message":"user pacs@gmail.com accessed GET:/api/followers/vacations/users/isFollowing/662484b9-3230-11ef-8c6b-90e4c633aabc/28201e79-2be8-11ef-913d-31d7a7bdbd7a"}
{"level":"info","message":"user pacs@gmail.com accessed GET:/api/followers/vacations/203ce9b0-2bf1-11ef-913d-31d7a7bdbd7a"}
{"level":"info","message":"user pacs@gmail.com accessed GET:/api/followers/vacations/users/isFollowing/662484b9-3230-11ef-8c6b-90e4c633aabc/203ce9b0-2bf1-11ef-913d-31d7a7bdbd7a"}
{"level":"info","message":"user pacs@gmail.com accessed GET:/api/followers/vacations/7ab028a8-2bf6-11ef-913d-31d7a7bdbd7a"}
{"level":"info","message":"user pacs@gmail.com accessed GET:/api/followers/vacations/users/isFollowing/662484b9-3230-11ef-8c6b-90e4c633aabc/7ab028a8-2bf6-11ef-913d-31d7a7bdbd7a"}
{"level":"info","message":"user pacs@gmail.com accessed GET:/api/followers/vacations/67d0e354-2bf4-11ef-913d-31d7a7bdbd7a"}
{"level":"info","message":"user pacs@gmail.com accessed GET:/api/followers/vacations/users/isFollowing/662484b9-3230-11ef-8c6b-90e4c633aabc/67d0e354-2bf4-11ef-913d-31d7a7bdbd7a"}
{"level":"info","message":"user pacs@gmail.com accessed GET:/api/followers/vacations/aece892a-2be5-11ef-913d-31d7a7bdbd7a"}
{"level":"info","message":"user pacs@gmail.com accessed GET:/api/followers/vacations/users/isFollowing/662484b9-3230-11ef-8c6b-90e4c633aabc/aece892a-2be5-11ef-913d-31d7a7bdbd7a"}
{"level":"info","message":"user pacs@gmail.com accessed GET:/api/followers/vacations/e39d9216-2bec-11ef-913d-31d7a7bdbd7a"}
{"level":"info","message":"user pacs@gmail.com accessed GET:/api/followers/vacations/users/isFollowing/662484b9-3230-11ef-8c6b-90e4c633aabc/e39d9216-2bec-11ef-913d-31d7a7bdbd7a"}
{"level":"info","message":"user pacs@gmail.com accessed GET:/api/followers/vacations/9be0c398-2bf5-11ef-913d-31d7a7bdbd7a"}
{"level":"info","message":"user pacs@gmail.com accessed GET:/api/followers/vacations/users/isFollowing/662484b9-3230-11ef-8c6b-90e4c633aabc/9be0c398-2bf5-11ef-913d-31d7a7bdbd7a"}
{"level":"info","message":"user pacs@gmail.com accessed GET:/api/followers/vacations/9adf0a92-2bea-11ef-913d-31d7a7bdbd7a"}
{"level":"info","message":"user pacs@gmail.com accessed GET:/api/followers/vacations/users/isFollowing/662484b9-3230-11ef-8c6b-90e4c633aabc/9adf0a92-2bea-11ef-913d-31d7a7bdbd7a"}
{"level":"info","message":"user pacs@gmail.com accessed GET:/api/followers/vacations/ce9650cb-2be9-11ef-913d-31d7a7bdbd7a"}
{"level":"info","message":"user pacs@gmail.com accessed GET:/api/followers/vacations/users/isFollowing/662484b9-3230-11ef-8c6b-90e4c633aabc/ce9650cb-2be9-11ef-913d-31d7a7bdbd7a"}
{"level":"info","message":"user pacs@gmail.com accessed GET:/api/followers/vacations/28201e79-2be8-11ef-913d-31d7a7bdbd7a"}
{"level":"info","message":"user pacs@gmail.com accessed GET:/api/followers/vacations/users/isFollowing/662484b9-3230-11ef-8c6b-90e4c633aabc/28201e79-2be8-11ef-913d-31d7a7bdbd7a"}
{"level":"info","message":"user pacs@gmail.com accessed GET:/api/vacations/1/9"}
{"level":"info","message":"user pacs@gmail.com accessed GET:/api/vacations/1/9"}
{"level":"info","message":"user pacs@gmail.com accessed GET:/api/vacations/1/9"}
