{"level":"error","message":"jwt expired"}
{"level":"error","message":"jwt expired"}
{"level":"error","message":"jwt expired"}
{"level":"error","message":"jwt expired"}
{"level":"error","message":"Unauthorized"}
{"level":"error","message":"Unauthorized"}
{"code":"ER_PARSE_ERROR","errno":1064,"level":"error","sql":"\n            SELECT      id,\n                        destination,\n                        startDate,\n                        endDate,\n                        price,\n                        description,\n                        imageName\n            FROM        vacations\n            ORDER BY    startDate ASC\n            LIMIT       -10, 10\n        ","sqlMessage":"You have an error in your SQL syntax; check the manual that corresponds to your MariaDB server version for the right syntax to use near '-10, 10' at line 10","sqlState":"42000"}
{"level":"error","message":"You have an error in your SQL syntax; check the manual that corresponds to your MariaDB server version for the right syntax to use near '-10, 10' at line 10"}
{"code":"ER_PARSE_ERROR","errno":1064,"level":"error","sql":"\n            SELECT      id,\n                        destination,\n                        startDate,\n                        endDate,\n                        price,\n                        description,\n                        imageName\n            FROM        vacations\n            ORDER BY    startDate ASC\n            LIMIT       -10, 10\n        ","sqlMessage":"You have an error in your SQL syntax; check the manual that corresponds to your MariaDB server version for the right syntax to use near '-10, 10' at line 10","sqlState":"42000"}
{"level":"error","message":"You have an error in your SQL syntax; check the manual that corresponds to your MariaDB server version for the right syntax to use near '-10, 10' at line 10"}
{"code":"ER_PARSE_ERROR","errno":1064,"level":"error","sql":"\n            SELECT      id,\n                        destination,\n                        startDate,\n                        endDate,\n                        price,\n                        description,\n                        imageName\n            FROM        vacations\n            ORDER BY    startDate ASC\n            LIMIT       -10, 10\n        ","sqlMessage":"You have an error in your SQL syntax; check the manual that corresponds to your MariaDB server version for the right syntax to use near '-10, 10' at line 10","sqlState":"42000"}
{"level":"error","message":"You have an error in your SQL syntax; check the manual that corresponds to your MariaDB server version for the right syntax to use near '-10, 10' at line 10"}
{"level":"error","message":"jwt expired"}
{"level":"error","message":"jwt expired"}
{"level":"error","message":"Cannot read properties of undefined (reading 'id')"}
{"level":"error","message":"Cannot read properties of undefined (reading 'id')"}
{"level":"error","message":"Cannot read properties of undefined (reading 'id')"}
{"level":"error","message":"Cannot read properties of undefined (reading 'id')"}
{"level":"error","message":"Unauthorized"}
{"level":"error","message":"Unauthorized"}
{"level":"error","message":"did not find such a combination of username & password"}
{"level":"error","message":"did not find such a combination of username & password"}
{"level":"error","message":"did not find such a combination of username & password"}
{"level":"error","message":"did not find such a combination of username & password"}
{"level":"error","message":"did not find such a combination of username & password"}
{"level":"error","message":"did not find such a combination of username & password"}
{"level":"error","message":"did not find such a combination of username & password"}
{"level":"error","message":"did not find such a combination of username & password"}
{"level":"error","message":"did not find such a combination of username & password"}
{"level":"error","message":"did not find such a combination of username & password"}
{"level":"error","message":"did not find such a combination of username & password"}
{"level":"error","message":"did not find such a combination of username & password"}
{"level":"error","message":"did not find such a combination of username & password"}
{"level":"error","message":"did not find such a combination of username & password"}
{"level":"error","message":"Cannot read properties of undefined (reading 'id')"}
{"level":"error","message":"Cannot read properties of undefined (reading 'id')"}
{"level":"error"}
{"level":"error"}
{"level":"error","message":"\"image\" is required"}
{"level":"error","message":"\"image\" is required"}
